# JRE version: Java(TM) SE Runtime Environment (8.0_241-b07) (build 1.8.0_241-b07)
# Java VM: Java HotSpot(TM) 64-Bit Server VM (25.241-b07 mixed mode windows-amd64 compressed oops)
Heap:
 PSYoungGen      total 57344K, used 29728K [0x000000076ab00000, 0x000000076ed00000, 0x00000007c0000000)
  eden space 50176K, 59% used [0x000000076ab00000,0x000000076c7f0000,0x000000076dc00000)
  from space 7168K, 1% used [0x000000076e600000,0x000000076e618000,0x000000076ed00000)
  to   space 8704K, 0% used [0x000000076dc00000,0x000000076dc00000,0x000000076e480000)
 ParOldGen       total 175104K, used 5301K [0x00000006c0000000, 0x00000006cab00000, 0x000000076ab00000)
  object space 175104K, 3% used [0x00000006c0000000,0x00000006c052d730,0x00000006cab00000)
 Metaspace       used 17609K, capacity 18398K, committed 18560K, reserved 1064960K
  class space    used 2235K, capacity 2423K, committed 2432K, reserved 1048576K
GC Heap History (10 events):
Event: 8294.720 GC heap before
{Heap before GC invocations=14 (full 0):
 PSYoungGen      total 55808K, used 55392K [0x000000076ab00000, 0x000000076f500000, 0x00000007c0000000)
  eden space 55296K, 100% used [0x000000076ab00000,0x000000076e100000,0x000000076e100000)
  from space 512K, 18% used [0x000000076e200000,0x000000076e218000,0x000000076e280000)
  to   space 10240K, 0% used [0x000000076eb00000,0x000000076eb00000,0x000000076f500000)
 ParOldGen       total 175104K, used 5253K [0x00000006c0000000, 0x00000006cab00000, 0x000000076ab00000)
  object space 175104K, 3% used [0x00000006c0000000,0x00000006c0521730,0x00000006cab00000)
 Metaspace       used 17603K, capacity 18392K, committed 18560K, reserved 1064960K
  class space    used 2234K, capacity 2422K, committed 2432K, reserved 1048576K
Event: 8294.721 GC heap after
Heap after GC invocations=14 (full 0):
 PSYoungGen      total 63488K, used 64K [0x000000076ab00000, 0x000000076f400000, 0x00000007c0000000)
  eden space 54272K, 0% used [0x000000076ab00000,0x000000076ab00000,0x000000076e000000)
  from space 9216K, 0% used [0x000000076eb00000,0x000000076eb10000,0x000000076f400000)
  to   space 10240K, 0% used [0x000000076e000000,0x000000076e000000,0x000000076ea00000)
 ParOldGen       total 175104K, used 5253K [0x00000006c0000000, 0x00000006cab00000, 0x000000076ab00000)
  object space 175104K, 3% used [0x00000006c0000000,0x00000006c0521730,0x00000006cab00000)
 Metaspace       used 17603K, capacity 18392K, committed 18560K, reserved 1064960K
  class space    used 2234K, capacity 2422K, committed 2432K, reserved 1048576K
}
Event: 10117.195 GC heap before
{Heap before GC invocations=15 (full 0):
 PSYoungGen      total 63488K, used 54336K [0x000000076ab00000, 0x000000076f400000, 0x00000007c0000000)
  eden space 54272K, 100% used [0x000000076ab00000,0x000000076e000000,0x000000076e000000)
  from space 9216K, 0% used [0x000000076eb00000,0x000000076eb10000,0x000000076f400000)
  to   space 10240K, 0% used [0x000000076e000000,0x000000076e000000,0x000000076ea00000)
 ParOldGen       total 175104K, used 5253K [0x00000006c0000000, 0x00000006cab00000, 0x000000076ab00000)
  object space 175104K, 3% used [0x00000006c0000000,0x00000006c0521730,0x00000006cab00000)
 Metaspace       used 17608K, capacity 18398K, committed 18560K, reserved 1064960K
  class space    used 2235K, capacity 2423K, committed 2432K, reserved 1048576K
Event: 10117.197 GC heap after
Heap after GC invocations=15 (full 0):
 PSYoungGen      total 53760K, used 128K [0x000000076ab00000, 0x000000076f200000, 0x00000007c0000000)
  eden space 53248K, 0% used [0x000000076ab00000,0x000000076ab00000,0x000000076df00000)
  from space 512K, 25% used [0x000000076e000000,0x000000076e020000,0x000000076e080000)
  to   space 9728K, 0% used [0x000000076e880000,0x000000076e880000,0x000000076f200000)
 ParOldGen       total 175104K, used 5269K [0x00000006c0000000, 0x00000006cab00000, 0x000000076ab00000)
  object space 175104K, 3% used [0x00000006c0000000,0x00000006c0525730,0x00000006cab00000)
 Metaspace       used 17608K, capacity 18398K, committed 18560K, reserved 1064960K
  class space    used 2235K, capacity 2423K, committed 2432K, reserved 1048576K
}
Event: 11912.341 GC heap before
{Heap before GC invocations=16 (full 0):
 PSYoungGen      total 53760K, used 53376K [0x000000076ab00000, 0x000000076f200000, 0x00000007c0000000)
  eden space 53248K, 100% used [0x000000076ab00000,0x000000076df00000,0x000000076df00000)
  from space 512K, 25% used [0x000000076e000000,0x000000076e020000,0x000000076e080000)
  to   space 9728K, 0% used [0x000000076e880000,0x000000076e880000,0x000000076f200000)
 ParOldGen       total 175104K, used 5269K [0x00000006c0000000, 0x00000006cab00000, 0x000000076ab00000)
  object space 175104K, 3% used [0x00000006c0000000,0x00000006c0525730,0x00000006cab00000)
 Metaspace       used 17608K, capacity 18398K, committed 18560K, reserved 1064960K
  class space    used 2235K, capacity 2423K, committed 2432K, reserved 1048576K
Event: 11912.342 GC heap after
Heap after GC invocations=16 (full 0):
 PSYoungGen      total 59904K, used 96K [0x000000076ab00000, 0x000000076f000000, 0x00000007c0000000)
  eden space 52224K, 0% used [0x000000076ab00000,0x000000076ab00000,0x000000076de00000)
  from space 7680K, 1% used [0x000000076e880000,0x000000076e898000,0x000000076f000000)
  to   space 9216K, 0% used [0x000000076de00000,0x000000076de00000,0x000000076e700000)
 ParOldGen       total 175104K, used 5293K [0x00000006c0000000, 0x00000006cab00000, 0x000000076ab00000)
  object space 175104K, 3% used [0x00000006c0000000,0x00000006c052b730,0x00000006cab00000)
 Metaspace       used 17608K, capacity 18398K, committed 18560K, reserved 1064960K
  class space    used 2235K, capacity 2423K, committed 2432K, reserved 1048576K
}
Event: 13669.914 GC heap before
{Heap before GC invocations=17 (full 0):
 PSYoungGen      total 59904K, used 52320K [0x000000076ab00000, 0x000000076f000000, 0x00000007c0000000)
  eden space 52224K, 100% used [0x000000076ab00000,0x000000076de00000,0x000000076de00000)
  from space 7680K, 1% used [0x000000076e880000,0x000000076e898000,0x000000076f000000)
  to   space 9216K, 0% used [0x000000076de00000,0x000000076de00000,0x000000076e700000)
 ParOldGen       total 175104K, used 5293K [0x00000006c0000000, 0x00000006cab00000, 0x000000076ab00000)
  object space 175104K, 3% used [0x00000006c0000000,0x00000006c052b730,0x00000006cab00000)
 Metaspace       used 17608K, capacity 18398K, committed 18560K, reserved 1064960K
  class space    used 2235K, capacity 2423K, committed 2432K, reserved 1048576K
Event: 13669.915 GC heap after
Heap after GC invocations=17 (full 0):
 PSYoungGen      total 51712K, used 32K [0x000000076ab00000, 0x000000076ef00000, 0x00000007c0000000)
  eden space 51200K, 0% used [0x000000076ab00000,0x000000076ab00000,0x000000076dd00000)
  from space 512K, 6% used [0x000000076de00000,0x000000076de08000,0x000000076de80000)
  to   space 9216K, 0% used [0x000000076e600000,0x000000076e600000,0x000000076ef00000)
 ParOldGen       total 175104K, used 5301K [0x00000006c0000000, 0x00000006cab00000, 0x000000076ab00000)
  object space 175104K, 3% used [0x00000006c0000000,0x00000006c052d730,0x00000006cab00000)
 Metaspace       used 17608K, capacity 18398K, committed 18560K, reserved 1064960K
  class space    used 2235K, capacity 2423K, committed 2432K, reserved 1048576K
}
Event: 15390.188 GC heap before
{Heap before GC invocations=18 (full 0):
 PSYoungGen      total 51712K, used 51232K [0x000000076ab00000, 0x000000076ef00000, 0x00000007c0000000)
  eden space 51200K, 100% used [0x000000076ab00000,0x000000076dd00000,0x000000076dd00000)
  from space 512K, 6% used [0x000000076de00000,0x000000076de08000,0x000000076de80000)
  to   space 9216K, 0% used [0x000000076e600000,0x000000076e600000,0x000000076ef00000)
 ParOldGen       total 175104K, used 5301K [0x00000006c0000000, 0x00000006cab00000, 0x000000076ab00000)
  object space 175104K, 3% used [0x00000006c0000000,0x00000006c052d730,0x00000006cab00000)
 Metaspace       used 17608K, capacity 18398K, committed 18560K, reserved 1064960K
  class space    used 2235K, capacity 2423K, committed 2432K, reserved 1048576K
Event: 15390.190 GC heap after
Heap after GC invocations=18 (full 0):
 PSYoungGen      total 57344K, used 96K [0x000000076ab00000, 0x000000076ed00000, 0x00000007c0000000)
  eden space 50176K, 0% used [0x000000076ab00000,0x000000076ab00000,0x000000076dc00000)
  from space 7168K, 1% used [0x000000076e600000,0x000000076e618000,0x000000076ed00000)
  to   space 8704K, 0% used [0x000000076dc00000,0x000000076dc00000,0x000000076e480000)
 ParOldGen       total 175104K, used 5301K [0x00000006c0000000, 0x00000006cab00000, 0x000000076ab00000)
  object space 175104K, 3% used [0x00000006c0000000,0x00000006c052d730,0x00000006cab00000)
 Metaspace       used 17608K, capacity 18398K, committed 18560K, reserved 1064960K
  class space    used 2235K, capacity 2423K, committed 2432K, reserved 1048576K
}

